build/app/outputs/mapping/release/seeds.txt
com.example.flutter_bluetooth_connection.MainActivity
com.example.flutter_bluetooth_connection.MainActivity: MainActivity()
...
io.flutter.view.AccessibilityViewEmbedder: AccessibilityViewEmbedder(android.view.View,int)
androidx.lifecycle.Lifecycle$Event: androidx.lifecycle.Lifecycle$Event[] $VALUES
io.flutter.embedding.engine.mutatorsstack.FlutterMutatorsStack: java.util.List mutators
com.pauldemarco.flutter_blue.Protos$WriteCharacteristicRequest$WriteType: com.pauldemarco.flutter_blue.Protos$WriteCharacteristicRequest$WriteType[] values()
io.flutter.embedding.engine.FlutterJNI: io.flutter.embedding.engine.FlutterJNI$AccessibilityDelegate accessibilityDelegate
io.flutter.embedding.engine.FlutterJNI: void loadLibrary()
io.flutter.view.AccessibilityViewEmbedder: boolean onAccessibilityHoverEvent(int,android.view.MotionEvent)
androidx.lifecycle.Lifecycle$Event: androidx.lifecycle.Lifecycle$Event[] values()
io.flutter.embedding.android.FlutterImageView$SurfaceKind: io.flutter.embedding.android.FlutterImageView$SurfaceKind[] values()
io.flutter.plugin.platform.SingleViewPresentation: android.view.View$OnFocusChangeListener focusChangeListener
io.flutter.embedding.engine.FlutterJNI: void destroyOverlaySurfaces()
androidx.core.app.RemoteActionCompat
io.flutter.view.AccessibilityViewEmbedder: void cacheVirtualIdMappings(android.view.View,int,int)
io.flutter.view.FlutterCallbackInformation
io.flutter.embedding.engine.FlutterJNI: void dispatchSemanticsAction(int,io.flutter.view.AccessibilityBridge$Action)
io.flutter.embedding.android.FlutterView: io.flutter.embedding.engine.FlutterEngine getAttachedFlutterEngine()
com.pauldemarco.flutter_blue.FlutterBluePlugin$LogLevel: com.pauldemarco.flutter_blue.FlutterBluePlugin$LogLevel valueOf(java.lang.String)
io.flutter.embedding.engine.FlutterJNI: void init(android.content.Context,java.lang.String[],java.lang.String,java.lang.String,java.lang.String,long)
io.flutter.plugin.platform.SingleViewPresentation: java.lang.Object createParams
io.flutter.view.AccessibilityBridge$Flag: io.flutter.view.AccessibilityBridge$Flag[] values()
com.google.protobuf.Writer$FieldOrder: com.google.protobuf.Writer$FieldOrder[] values()
io.flutter.embedding.engine.systemchannels.PlatformChannel$Brightness: io.flutter.embedding.engine.systemchannels.PlatformChannel$Brightness[] values()
io.flutter.embedding.engine.FlutterJNI: void nativeSurfaceChanged(long,int,int)
io.flutter.embedding.engine.mutatorsstack.FlutterMutatorsStack: void pushTransform(float[])
io.flutter.plugin.editing.TextInputPlugin$InputTarget$Type: io.flutter.plugin.editing.TextInputPlugin$InputTarget$Type[] values()
io.flutter.plugin.editing.ImeSyncDeferringInsetsCallback: boolean access$200(io.flutter.plugin.editing.ImeSyncDeferringInsetsCallback)
io.flutter.embedding.android.FlutterSurfaceView: io.flutter.embedding.engine.renderer.FlutterRenderer getAttachedRenderer()
io.flutter.embedding.engine.FlutterJNI: void nativeSurfaceWindowChanged(long,android.view.Surface)
io.flutter.embedding.engine.systemchannels.SettingsChannel$PlatformBrightness: io.flutter.embedding.engine.systemchannels.SettingsChannel$PlatformBrightness valueOf(java.lang.String)
com.pauldemarco.flutter_blue.Protos$DeviceStateResponse$BluetoothDeviceState: com.pauldemarco.flutter_blue.Protos$DeviceStateResponse$BluetoothDeviceState[] values()
io.flutter.embedding.engine.systemchannels.PlatformChannel$DeviceOrientation: io.flutter.embedding.engine.systemchannels.PlatformChannel$DeviceOrientation valueOf(java.lang.String)
com.google.protobuf.FieldType: com.google.protobuf.FieldType valueOf(java.lang.String)
io.flutter.embedding.engine.FlutterJNI: java.lang.String observatoryUri
io.flutter.view.AccessibilityViewEmbedder: void addChildrenToFlutterNode(android.view.accessibility.AccessibilityNodeInfo,android.view.View,android.view.accessibility.AccessibilityNodeInfo)
io.flutter.embedding.engine.FlutterJNI: void nativeUnregisterTexture(long,long)
io.flutter.plugin.editing.ImeSyncDeferringInsetsCallback: boolean access$302(io.flutter.plugin.editing.ImeSyncDeferringInsetsCallback,boolean)