build/app/outputs/mapping/release/mapping.txt
# compiler: R8
# compiler_version: 2.1.62
# min_api: 19
# pg_map_id: 8adc63a
# common_typos_disable
...
com.google.protobuf.CodedInputStreamReader$1 -> b.b.b.k$a:
    int[] $SwitchMap$com$google$protobuf$WireFormat$FieldType -> a
com.google.protobuf.CodedOutputStream -> b.b.b.l:
    com.google.protobuf.CodedOutputStreamWriter wrapper -> a
    boolean serializationDeterministic -> b
    java.util.logging.Logger logger -> c
    boolean HAS_UNSAFE_ARRAY_OPERATIONS -> d
    int computeLazyFieldSize(int,com.google.protobuf.LazyFieldLite) -> A
    void writeGroupNoTag(com.google.protobuf.MessageLite,com.google.protobuf.Schema) -> A0
    int computeLazyFieldSizeNoTag(com.google.protobuf.LazyFieldLite) -> B
    void writeInt32(int,int) -> B0
    int computeLengthDelimitedFieldSize(int) -> C
    void writeInt32NoTag(int) -> C0
    int computeMessageSetExtensionSize(int,com.google.protobuf.MessageLite) -> D
    void writeInt64(int,long) -> D0
    int computeMessageSize(int,com.google.protobuf.MessageLite) -> E
    void writeInt64NoTag(long) -> E0
    int computeMessageSize(int,com.google.protobuf.MessageLite,com.google.protobuf.Schema) -> F
    void writeMessage(int,com.google.protobuf.MessageLite,com.google.protobuf.Schema) -> F0
    int computeMessageSizeNoTag(com.google.protobuf.MessageLite) -> G
    void writeMessageNoTag(com.google.protobuf.MessageLite) -> G0
    int computeMessageSizeNoTag(com.google.protobuf.MessageLite,com.google.protobuf.Schema) -> H
    void writeMessageSetExtension(int,com.google.protobuf.MessageLite) -> H0
    int computeRawMessageSetExtensionSize(int,com.google.protobuf.ByteString) -> I
    void writeRawMessageSetExtension(int,com.google.protobuf.ByteString) -> I0
com.google.protobuf.CodedOutputStream$1 -> b.b.b.l$a:
com.google.protobuf.CodedOutputStream$ArrayEncoder -> b.b.b.l$b:
    int limit -> f
    int position -> g
    byte[] buffer -> e
    void writeInt32(int,int) -> B0
    void writeInt32NoTag(int) -> C0
    void writeMessage(int,com.google.protobuf.MessageLite,com.google.protobuf.Schema) -> F0
    void writeMessageNoTag(com.google.protobuf.MessageLite) -> G0
    void writeMessageSetExtension(int,com.google.protobuf.MessageLite) -> H0
    void writeRawMessageSetExtension(int,com.google.protobuf.ByteString) -> I0
    void writeString(int,java.lang.String) -> R0
    void writeStringNoTag(java.lang.String) -> S0
    void writeTag(int,int) -> T0
    void writeUInt32(int,int) -> U0
    void writeUInt32NoTag(int) -> V0
    void writeUInt64(int,long) -> W0
    void writeUInt64NoTag(long) -> X0
    void write(byte[],int,int) -> Y0
    void writeMessage(int,com.google.protobuf.MessageLite) -> Z0
    void writeLazy(byte[],int,int) -> a
    int spaceLeft() -> f0
    void write(byte) -> g0
    void writeBool(int,boolean) -> h0
    void writeByteArrayNoTag(byte[],int,int) -> k0
    void writeBytes(int,com.google.protobuf.ByteString) -> l0
    void writeBytesNoTag(com.google.protobuf.ByteString) -> m0
    void writeFixed32(int,int) -> r0
    void writeFixed32NoTag(int) -> s0
    void writeFixed64(int,long) -> t0
    void writeFixed64NoTag(long) -> u0
com.google.protobuf.CodedOutputStream$OutOfSpaceException -> b.b.b.l$c: