build/app/outputs/mapping/release/usage.txt
com.example.flutter_bluetooth_connection.R$styleable
com.example.flutter_bluetooth_connection.R$attr
com.example.flutter_bluetooth_connection.R$mipmap
com.example.flutter_bluetooth_connection.R$color
com.example.flutter_bluetooth_connection.R$string
com.example.flutter_bluetooth_connection.R$integer
com.example.flutter_bluetooth_connection.R$layout
com.example.flutter_bluetooth_connection.R$xml
com.example.flutter_bluetooth_connection.R$id
com.example.flutter_bluetooth_connection.BuildConfig
com.example.flutter_bluetooth_connection.R
com.example.flutter_bluetooth_connection.R$style
com.example.flutter_bluetooth_connection.R$dimen
com.example.flutter_bluetooth_connection.R$drawable
...
com.google.common.collect.Maps$FilteredEntryNavigableMap$1
io.flutter.view.AccessibilityBridge$SemanticsNode:
    private void log(java.lang.String,boolean)
com.google.protobuf.Field
kotlin.jvm.functions.Function6
com.google.common.math.IntMath$1
com.pauldemarco.flutter_blue.Protos$BluetoothDevice$Type$TypeVerifier
com.google.common.collect.RegularImmutableMap$EntrySet
com.google.common.cache.ForwardingCache$SimpleForwardingCache
androidx.core.view.animation.PathInterpolatorApi14
kotlin.jvm.JvmPackageName
com.google.common.collect.ArrayTable$ArrayMap$2
com.google.common.hash.LittleEndianByteArray$UnsafeByteArray$2
com.google.common.collect.LinkedListMultimap$Node
io.flutter.embedding.engine.plugins.activity.ActivityControlSurface:
    public abstract void attachToActivity(android.app.Activity,androidx.lifecycle.Lifecycle)
org.jetbrains.annotations.PropertyKey
androidx.fragment.app.FragmentActivity
com.google.common.collect.BoundType
androidx.annotation.FractionRes
com.google.common.reflect.Parameter
com.google.common.graph.AbstractDirectedNetworkConnections$1
org.intellij.lang.annotations.JdkConstants$ListSelectionMode
io.flutter.embedding.engine.systemchannels.MouseCursorChannel:
    public void synthesizeMethodCall(io.flutter.plugin.common.MethodCall,io.flutter.plugin.common.MethodChannel$Result)
    private static final java.lang.String TAG
com.google.common.collect.ArrayTable
io.flutter.embedding.engine.dart.DartExecutor$DartEntrypoint:
    public static io.flutter.embedding.engine.dart.DartExecutor$DartEntrypoint createDefault()
    public void <init>(java.lang.String,java.lang.String,java.lang.String)
com.google.common.math.BigIntegerMath
androidx.fragment.app.ListFragment$1
kotlin.ArrayIntrinsicsKt
com.google.common.util.concurrent.JdkFutureAdapters
com.google.common.collect.RegularImmutableSet
androidx.core.app.NotificationManagerCompat$SideChannelManager
com.pauldemarco.flutter_blue.Protos$AdvertisementDataOrBuilder
androidx.core.app.DialogCompat
com.google.common.collect.RegularContiguousSet
com.pauldemarco.flutter_blue.R$color
androidx.core.view.MenuItemCompat$1
com.google.common.collect.ImmutableCollection$ArrayBasedBuilder
com.google.common.collect.Ordering
com.google.protobuf.ByteString:
    public static java.util.Comparator unsignedLexicographicalComparator()
    static com.google.protobuf.ByteString wrap(java.nio.ByteBuffer)
    public static com.google.protobuf.ByteString copyFrom(java.nio.ByteBuffer,int)
    public static com.google.protobuf.ByteString copyFrom(java.nio.ByteBuffer)
    public static com.google.protobuf.ByteString copyFrom(java.lang.String,java.lang.String)
    public static com.google.protobuf.ByteString copyFrom(java.lang.String,java.nio.charset.Charset)
    public static com.google.protobuf.ByteString readFrom(java.io.InputStream)
    public static com.google.protobuf.ByteString readFrom(java.io.InputStream,int)
    public static com.google.protobuf.ByteString readFrom(java.io.InputStream,int,int)
    private static com.google.protobuf.ByteString readChunk(java.io.InputStream,int)
    public static com.google.protobuf.ByteString copyFrom(java.lang.Iterable)
    private static com.google.protobuf.ByteString balancedConcat(java.util.Iterator,int)
    public static com.google.protobuf.ByteString$Output newOutput(int)
    public static com.google.protobuf.ByteString$Output newOutput()
    public final boolean isEmpty()
    public final com.google.protobuf.ByteString substring(int)
    public final boolean startsWith(com.google.protobuf.ByteString)
    public final boolean endsWith(com.google.protobuf.ByteString)
    public final com.google.protobuf.ByteString concat(com.google.protobuf.ByteString)
com.google.protobuf.FloatArrayList:
    public static com.google.protobuf.FloatArrayList emptyList()
com.google.common.base.CharMatcher
com.google.common.primitives.ImmutableIntArray$1
com.google.common.reflect.Element
kotlin.sequences.TakeWhileSequence$iterator$1